CRITICAL - 2023-11-15 18:33:31 --> syntax error, unexpected token "}", expecting "," or ";"
in APPPATH\Controllers\Pages.php on line 15.
 1 SYSTEMPATH\Autoloader\Autoloader.php(291): CodeIgniter\Autoloader\Autoloader->includeFile('C:\\xampp\\htdocs\\prospectos\\app\\Controllers\\Pages.php')
 2 SYSTEMPATH\Autoloader\Autoloader.php(269): CodeIgniter\Autoloader\Autoloader->loadInNamespace('App\\Controllers\\Pages')
 3 [internal function]: CodeIgniter\Autoloader\Autoloader->loadClass('App\\Controllers\\Pages')
 4 SYSTEMPATH\CodeIgniter.php(900): class_exists('\\App\\Controllers\\Pages', true)
 5 SYSTEMPATH\CodeIgniter.php(489): CodeIgniter\CodeIgniter->startController()
 6 SYSTEMPATH\CodeIgniter.php(361): CodeIgniter\CodeIgniter->handleRequest(null, Object(Config\Cache), false)
 7 FCPATH\index.php(79): CodeIgniter\CodeIgniter->run()
CRITICAL - 2023-11-15 18:35:54 --> Path cannot be empty
in SYSTEMPATH\HotReloader\DirectoryHasher.php on line 74.
 1 SYSTEMPATH\HotReloader\DirectoryHasher.php(74): md5_file('')
 2 SYSTEMPATH\HotReloader\DirectoryHasher.php(49): CodeIgniter\HotReloader\DirectoryHasher->hashDirectory('C:\\xampp\\htdocs\\prospectos\\app')
 3 SYSTEMPATH\HotReloader\DirectoryHasher.php(34): CodeIgniter\HotReloader\DirectoryHasher->hashApp()
 4 SYSTEMPATH\HotReloader\HotReloader.php(38): CodeIgniter\HotReloader\DirectoryHasher->hash()
 5 APPPATH\Config\Events.php(51): CodeIgniter\HotReloader\HotReloader->run()
 6 SYSTEMPATH\CodeIgniter.php(891): CodeIgniter\Events\Events::Config\{closure}()
 7 SYSTEMPATH\CodeIgniter.php(489): CodeIgniter\CodeIgniter->startController()
 8 SYSTEMPATH\CodeIgniter.php(361): CodeIgniter\CodeIgniter->handleRequest(null, Object(Config\Cache), false)
 9 FCPATH\index.php(79): CodeIgniter\CodeIgniter->run()
CRITICAL - 2023-11-15 18:42:32 --> syntax error, unexpected variable "$page", expecting ")"
in APPPATH\Controllers\Pages.php on line 18.
 1 SYSTEMPATH\Autoloader\Autoloader.php(291): CodeIgniter\Autoloader\Autoloader->includeFile('C:\\xampp\\htdocs\\prospectos\\app\\Controllers\\Pages.php')
 2 SYSTEMPATH\Autoloader\Autoloader.php(269): CodeIgniter\Autoloader\Autoloader->loadInNamespace('App\\Controllers\\Pages')
 3 [internal function]: CodeIgniter\Autoloader\Autoloader->loadClass('App\\Controllers\\Pages')
 4 SYSTEMPATH\CodeIgniter.php(900): class_exists('\\App\\Controllers\\Pages', true)
 5 SYSTEMPATH\CodeIgniter.php(489): CodeIgniter\CodeIgniter->startController()
 6 SYSTEMPATH\CodeIgniter.php(361): CodeIgniter\CodeIgniter->handleRequest(null, Object(Config\Cache), false)
 7 FCPATH\index.php(79): CodeIgniter\CodeIgniter->run()
CRITICAL - 2023-11-15 19:32:46 --> Undefined variable $routes
in APPPATH\Controllers\News.php on line 28.
 1 APPPATH\Controllers\News.php(28): CodeIgniter\Debug\Exceptions->errorHandler(2, 'Undefined variable $routes', 'C:\\xampp\\htdocs\\prospectos\\app\\Controllers\\News.php', 28)
 2 SYSTEMPATH\Autoloader\Autoloader.php(312): include_once('C:\\xampp\\htdocs\\prospectos\\app\\Controllers\\News.php')
 3 SYSTEMPATH\Autoloader\Autoloader.php(291): CodeIgniter\Autoloader\Autoloader->includeFile('C:\\xampp\\htdocs\\prospectos\\app\\Controllers\\News.php')
 4 SYSTEMPATH\Autoloader\Autoloader.php(269): CodeIgniter\Autoloader\Autoloader->loadInNamespace('App\\Controllers\\News')
 5 [internal function]: CodeIgniter\Autoloader\Autoloader->loadClass('App\\Controllers\\News')
 6 SYSTEMPATH\CodeIgniter.php(900): class_exists('\\App\\Controllers\\News', true)
 7 SYSTEMPATH\CodeIgniter.php(489): CodeIgniter\CodeIgniter->startController()
 8 SYSTEMPATH\CodeIgniter.php(361): CodeIgniter\CodeIgniter->handleRequest(null, Object(Config\Cache), false)
 9 FCPATH\index.php(79): CodeIgniter\CodeIgniter->run()
CRITICAL - 2023-11-15 19:33:08 --> Call to a member function getNews() on null
in APPPATH\Controllers\News.php on line 13.
 1 SYSTEMPATH\CodeIgniter.php(942): App\Controllers\News->index()
 2 SYSTEMPATH\CodeIgniter.php(502): CodeIgniter\CodeIgniter->runController(Object(App\Controllers\News))
 3 SYSTEMPATH\CodeIgniter.php(361): CodeIgniter\CodeIgniter->handleRequest(null, Object(Config\Cache), false)
 4 FCPATH\index.php(79): CodeIgniter\CodeIgniter->run()
ERROR - 2023-11-15 19:34:00 --> mysqli_sql_exception: Table 'ci4_dependencias.dependencias' doesn't exist in C:\xampp\htdocs\prospectos\system\Database\MySQLi\Connection.php:306
Stack trace:
#0 C:\xampp\htdocs\prospectos\system\Database\MySQLi\Connection.php(306): mysqli->query('SELECT *\nFROM `...', 0)
#1 C:\xampp\htdocs\prospectos\system\Database\BaseConnection.php(693): CodeIgniter\Database\MySQLi\Connection->execute('SELECT *\nFROM `...')
#2 C:\xampp\htdocs\prospectos\system\Database\BaseConnection.php(607): CodeIgniter\Database\BaseConnection->simpleQuery('SELECT *\nFROM `...')
#3 C:\xampp\htdocs\prospectos\system\Database\BaseBuilder.php(1615): CodeIgniter\Database\BaseConnection->query('SELECT *\nFROM `...', Array, false)
#4 C:\xampp\htdocs\prospectos\system\Model.php(237): CodeIgniter\Database\BaseBuilder->get()
#5 C:\xampp\htdocs\prospectos\system\BaseModel.php(624): CodeIgniter\Model->doFindAll(0, 0)
#6 C:\xampp\htdocs\prospectos\app\Models\NewsModel.php(14): CodeIgniter\BaseModel->findAll()
#7 C:\xampp\htdocs\prospectos\app\Controllers\News.php(14): App\Models\NewsModel->getNews()
#8 C:\xampp\htdocs\prospectos\system\CodeIgniter.php(942): App\Controllers\News->index()
#9 C:\xampp\htdocs\prospectos\system\CodeIgniter.php(502): CodeIgniter\CodeIgniter->runController(Object(App\Controllers\News))
#10 C:\xampp\htdocs\prospectos\system\CodeIgniter.php(361): CodeIgniter\CodeIgniter->handleRequest(NULL, Object(Config\Cache), false)
#11 C:\xampp\htdocs\prospectos\public\index.php(79): CodeIgniter\CodeIgniter->run()
#12 {main}
CRITICAL - 2023-11-15 19:34:00 --> Table 'ci4_dependencias.dependencias' doesn't exist
in SYSTEMPATH\Database\BaseConnection.php on line 647.
 1 SYSTEMPATH\Database\BaseBuilder.php(1615): CodeIgniter\Database\BaseConnection->query('SELECT *
FROM `dependencias`', [], false)
 2 SYSTEMPATH\Model.php(237): CodeIgniter\Database\BaseBuilder->get()
 3 SYSTEMPATH\BaseModel.php(624): CodeIgniter\Model->doFindAll(0, 0)
 4 APPPATH\Models\NewsModel.php(14): CodeIgniter\BaseModel->findAll()
 5 APPPATH\Controllers\News.php(14): App\Models\NewsModel->getNews()
 6 SYSTEMPATH\CodeIgniter.php(942): App\Controllers\News->index()
 7 SYSTEMPATH\CodeIgniter.php(502): CodeIgniter\CodeIgniter->runController(Object(App\Controllers\News))
 8 SYSTEMPATH\CodeIgniter.php(361): CodeIgniter\CodeIgniter->handleRequest(null, Object(Config\Cache), false)
 9 FCPATH\index.php(79): CodeIgniter\CodeIgniter->run()
CRITICAL - 2023-11-15 20:03:45 --> Invalid file: "news/index.php"
in SYSTEMPATH\Exceptions\FrameworkException.php on line 39.
 1 SYSTEMPATH\View\View.php(216): CodeIgniter\Exceptions\FrameworkException::forInvalidFile('news/index.php')
 2 SYSTEMPATH\Common.php(1190): CodeIgniter\View\View->render('news/index', [], true)
 3 APPPATH\Controllers\News.php(24): view('news/index')
 4 SYSTEMPATH\CodeIgniter.php(942): App\Controllers\News->index()
 5 SYSTEMPATH\CodeIgniter.php(502): CodeIgniter\CodeIgniter->runController(Object(App\Controllers\News))
 6 SYSTEMPATH\CodeIgniter.php(361): CodeIgniter\CodeIgniter->handleRequest(null, Object(Config\Cache), false)
 7 FCPATH\index.php(79): CodeIgniter\CodeIgniter->run()
CRITICAL - 2023-11-15 20:04:45 --> Invalid file: "news/index.php"
in SYSTEMPATH\Exceptions\FrameworkException.php on line 39.
 1 SYSTEMPATH\View\View.php(216): CodeIgniter\Exceptions\FrameworkException::forInvalidFile('news/index.php')
 2 SYSTEMPATH\Common.php(1190): CodeIgniter\View\View->render('news/index', [], true)
 3 APPPATH\Controllers\News.php(24): view('news/index')
 4 SYSTEMPATH\CodeIgniter.php(942): App\Controllers\News->index()
 5 SYSTEMPATH\CodeIgniter.php(502): CodeIgniter\CodeIgniter->runController(Object(App\Controllers\News))
 6 SYSTEMPATH\CodeIgniter.php(361): CodeIgniter\CodeIgniter->handleRequest(null, Object(Config\Cache), false)
 7 FCPATH\index.php(79): CodeIgniter\CodeIgniter->run()
CRITICAL - 2023-11-15 20:06:10 --> Undefined array key "title"
in APPPATH\Views\news\index.php on line 7.
 1 APPPATH\Views\news\index.php(7): CodeIgniter\Debug\Exceptions->errorHandler(2, 'Undefined array key "title"', 'C:\\xampp\\htdocs\\prospectos\\app\\Views\\news\\index.php', 7)
 2 SYSTEMPATH\View\View.php(228): include('C:\\xampp\\htdocs\\prospectos\\app\\Views\\news\\index.php')
 3 SYSTEMPATH\View\View.php(231): CodeIgniter\View\View->CodeIgniter\View\{closure}()
 4 SYSTEMPATH\Common.php(1190): CodeIgniter\View\View->render('news/index', [], true)
 5 APPPATH\Controllers\News.php(24): view('news/index')
 6 SYSTEMPATH\CodeIgniter.php(942): App\Controllers\News->index()
 7 SYSTEMPATH\CodeIgniter.php(502): CodeIgniter\CodeIgniter->runController(Object(App\Controllers\News))
 8 SYSTEMPATH\CodeIgniter.php(361): CodeIgniter\CodeIgniter->handleRequest(null, Object(Config\Cache), false)
 9 FCPATH\index.php(79): CodeIgniter\CodeIgniter->run()
CRITICAL - 2023-11-15 20:08:45 --> Undefined array key "title"
in APPPATH\Views\news\index.php on line 7.
 1 APPPATH\Views\news\index.php(7): CodeIgniter\Debug\Exceptions->errorHandler(2, 'Undefined array key "title"', 'C:\\xampp\\htdocs\\prospectos\\app\\Views\\news\\index.php', 7)
 2 SYSTEMPATH\View\View.php(228): include('C:\\xampp\\htdocs\\prospectos\\app\\Views\\news\\index.php')
 3 SYSTEMPATH\View\View.php(231): CodeIgniter\View\View->CodeIgniter\View\{closure}()
 4 SYSTEMPATH\Common.php(1190): CodeIgniter\View\View->render('news/index', [], true)
 5 APPPATH\Controllers\News.php(24): view('news/index')
 6 SYSTEMPATH\CodeIgniter.php(942): App\Controllers\News->index()
 7 SYSTEMPATH\CodeIgniter.php(502): CodeIgniter\CodeIgniter->runController(Object(App\Controllers\News))
 8 SYSTEMPATH\CodeIgniter.php(361): CodeIgniter\CodeIgniter->handleRequest(null, Object(Config\Cache), false)
 9 FCPATH\index.php(79): CodeIgniter\CodeIgniter->run()
CRITICAL - 2023-11-15 20:09:36 --> Undefined array key "title"
in APPPATH\Views\news\index.php on line 7.
 1 APPPATH\Views\news\index.php(7): CodeIgniter\Debug\Exceptions->errorHandler(2, 'Undefined array key "title"', 'C:\\xampp\\htdocs\\prospectos\\app\\Views\\news\\index.php', 7)
 2 SYSTEMPATH\View\View.php(228): include('C:\\xampp\\htdocs\\prospectos\\app\\Views\\news\\index.php')
 3 SYSTEMPATH\View\View.php(231): CodeIgniter\View\View->CodeIgniter\View\{closure}()
 4 SYSTEMPATH\Common.php(1190): CodeIgniter\View\View->render('news/index', [], true)
 5 APPPATH\Controllers\News.php(20): view('news/index')
 6 SYSTEMPATH\CodeIgniter.php(942): App\Controllers\News->index()
 7 SYSTEMPATH\CodeIgniter.php(502): CodeIgniter\CodeIgniter->runController(Object(App\Controllers\News))
 8 SYSTEMPATH\CodeIgniter.php(361): CodeIgniter\CodeIgniter->handleRequest(null, Object(Config\Cache), false)
 9 FCPATH\index.php(79): CodeIgniter\CodeIgniter->run()
CRITICAL - 2023-11-15 20:33:57 --> Undefined array key "title"
in APPPATH\Views\news\index.php on line 7.
 1 APPPATH\Views\news\index.php(7): CodeIgniter\Debug\Exceptions->errorHandler(2, 'Undefined array key "title"', 'C:\\xampp\\htdocs\\prospectos\\app\\Views\\news\\index.php', 7)
 2 SYSTEMPATH\View\View.php(228): include('C:\\xampp\\htdocs\\prospectos\\app\\Views\\news\\index.php')
 3 SYSTEMPATH\View\View.php(231): CodeIgniter\View\View->CodeIgniter\View\{closure}()
 4 SYSTEMPATH\Common.php(1190): CodeIgniter\View\View->render('news/index', [], true)
 5 APPPATH\Controllers\News.php(30): view('news/index')
 6 SYSTEMPATH\CodeIgniter.php(942): App\Controllers\News->index()
 7 SYSTEMPATH\CodeIgniter.php(502): CodeIgniter\CodeIgniter->runController(Object(App\Controllers\News))
 8 SYSTEMPATH\CodeIgniter.php(361): CodeIgniter\CodeIgniter->handleRequest(null, Object(Config\Cache), false)
 9 FCPATH\index.php(79): CodeIgniter\CodeIgniter->run()
CRITICAL - 2023-11-15 20:35:00 --> Undefined array key "title"
in APPPATH\Views\news\index.php on line 7.
 1 APPPATH\Views\news\index.php(7): CodeIgniter\Debug\Exceptions->errorHandler(2, 'Undefined array key "title"', 'C:\\xampp\\htdocs\\prospectos\\app\\Views\\news\\index.php', 7)
 2 SYSTEMPATH\View\View.php(228): include('C:\\xampp\\htdocs\\prospectos\\app\\Views\\news\\index.php')
 3 SYSTEMPATH\View\View.php(231): CodeIgniter\View\View->CodeIgniter\View\{closure}()
 4 SYSTEMPATH\Common.php(1190): CodeIgniter\View\View->render('news/index', [], true)
 5 APPPATH\Controllers\News.php(29): view('news/index')
 6 SYSTEMPATH\CodeIgniter.php(942): App\Controllers\News->index()
 7 SYSTEMPATH\CodeIgniter.php(502): CodeIgniter\CodeIgniter->runController(Object(App\Controllers\News))
 8 SYSTEMPATH\CodeIgniter.php(361): CodeIgniter\CodeIgniter->handleRequest(null, Object(Config\Cache), false)
 9 FCPATH\index.php(79): CodeIgniter\CodeIgniter->run()
CRITICAL - 2023-11-15 20:37:33 --> Undefined array key "title"
in APPPATH\Views\news\index.php on line 13.
 1 APPPATH\Views\news\index.php(13): CodeIgniter\Debug\Exceptions->errorHandler(2, 'Undefined array key "title"', 'C:\\xampp\\htdocs\\prospectos\\app\\Views\\news\\index.php', 13)
 2 SYSTEMPATH\View\View.php(228): include('C:\\xampp\\htdocs\\prospectos\\app\\Views\\news\\index.php')
 3 SYSTEMPATH\View\View.php(231): CodeIgniter\View\View->CodeIgniter\View\{closure}()
 4 SYSTEMPATH\Common.php(1190): CodeIgniter\View\View->render('news/index', [], true)
 5 APPPATH\Controllers\News.php(29): view('news/index')
 6 SYSTEMPATH\CodeIgniter.php(942): App\Controllers\News->index()
 7 SYSTEMPATH\CodeIgniter.php(502): CodeIgniter\CodeIgniter->runController(Object(App\Controllers\News))
 8 SYSTEMPATH\CodeIgniter.php(361): CodeIgniter\CodeIgniter->handleRequest(null, Object(Config\Cache), false)
 9 FCPATH\index.php(79): CodeIgniter\CodeIgniter->run()
CRITICAL - 2023-11-15 20:41:04 --> Array to string conversion
in APPPATH\Views\news\index.php on line 5.
 1 APPPATH\Views\news\index.php(5): CodeIgniter\Debug\Exceptions->errorHandler(2, 'Array to string conversion', 'C:\\xampp\\htdocs\\prospectos\\app\\Views\\news\\index.php', 5)
 2 SYSTEMPATH\View\View.php(228): include('C:\\xampp\\htdocs\\prospectos\\app\\Views\\news\\index.php')
 3 SYSTEMPATH\View\View.php(231): CodeIgniter\View\View->CodeIgniter\View\{closure}()
 4 SYSTEMPATH\Common.php(1190): CodeIgniter\View\View->render('news/index', [], true)
 5 APPPATH\Controllers\News.php(29): view('news/index')
 6 SYSTEMPATH\CodeIgniter.php(942): App\Controllers\News->index()
 7 SYSTEMPATH\CodeIgniter.php(502): CodeIgniter\CodeIgniter->runController(Object(App\Controllers\News))
 8 SYSTEMPATH\CodeIgniter.php(361): CodeIgniter\CodeIgniter->handleRequest(null, Object(Config\Cache), false)
 9 FCPATH\index.php(79): CodeIgniter\CodeIgniter->run()
CRITICAL - 2023-11-15 20:41:17 --> Array to string conversion
in APPPATH\Views\news\index.php on line 6.
 1 APPPATH\Views\news\index.php(6): CodeIgniter\Debug\Exceptions->errorHandler(2, 'Array to string conversion', 'C:\\xampp\\htdocs\\prospectos\\app\\Views\\news\\index.php', 6)
 2 SYSTEMPATH\View\View.php(228): include('C:\\xampp\\htdocs\\prospectos\\app\\Views\\news\\index.php')
 3 SYSTEMPATH\View\View.php(231): CodeIgniter\View\View->CodeIgniter\View\{closure}()
 4 SYSTEMPATH\Common.php(1190): CodeIgniter\View\View->render('news/index', [], true)
 5 APPPATH\Controllers\News.php(29): view('news/index')
 6 SYSTEMPATH\CodeIgniter.php(942): App\Controllers\News->index()
 7 SYSTEMPATH\CodeIgniter.php(502): CodeIgniter\CodeIgniter->runController(Object(App\Controllers\News))
 8 SYSTEMPATH\CodeIgniter.php(361): CodeIgniter\CodeIgniter->handleRequest(null, Object(Config\Cache), false)
 9 FCPATH\index.php(79): CodeIgniter\CodeIgniter->run()
CRITICAL - 2023-11-15 20:41:45 --> Undefined array key "title"
in APPPATH\Views\news\index.php on line 12.
 1 APPPATH\Views\news\index.php(12): CodeIgniter\Debug\Exceptions->errorHandler(2, 'Undefined array key "title"', 'C:\\xampp\\htdocs\\prospectos\\app\\Views\\news\\index.php', 12)
 2 SYSTEMPATH\View\View.php(228): include('C:\\xampp\\htdocs\\prospectos\\app\\Views\\news\\index.php')
 3 SYSTEMPATH\View\View.php(231): CodeIgniter\View\View->CodeIgniter\View\{closure}()
 4 SYSTEMPATH\Common.php(1190): CodeIgniter\View\View->render('news/index', [], true)
 5 APPPATH\Controllers\News.php(29): view('news/index')
 6 SYSTEMPATH\CodeIgniter.php(942): App\Controllers\News->index()
 7 SYSTEMPATH\CodeIgniter.php(502): CodeIgniter\CodeIgniter->runController(Object(App\Controllers\News))
 8 SYSTEMPATH\CodeIgniter.php(361): CodeIgniter\CodeIgniter->handleRequest(null, Object(Config\Cache), false)
 9 FCPATH\index.php(79): CodeIgniter\CodeIgniter->run()
CRITICAL - 2023-11-15 20:42:00 --> Undefined array key "body"
in APPPATH\Views\news\index.php on line 14.
 1 APPPATH\Views\news\index.php(14): CodeIgniter\Debug\Exceptions->errorHandler(2, 'Undefined array key "body"', 'C:\\xampp\\htdocs\\prospectos\\app\\Views\\news\\index.php', 14)
 2 SYSTEMPATH\View\View.php(228): include('C:\\xampp\\htdocs\\prospectos\\app\\Views\\news\\index.php')
 3 SYSTEMPATH\View\View.php(231): CodeIgniter\View\View->CodeIgniter\View\{closure}()
 4 SYSTEMPATH\Common.php(1190): CodeIgniter\View\View->render('news/index', [], true)
 5 APPPATH\Controllers\News.php(29): view('news/index')
 6 SYSTEMPATH\CodeIgniter.php(942): App\Controllers\News->index()
 7 SYSTEMPATH\CodeIgniter.php(502): CodeIgniter\CodeIgniter->runController(Object(App\Controllers\News))
 8 SYSTEMPATH\CodeIgniter.php(361): CodeIgniter\CodeIgniter->handleRequest(null, Object(Config\Cache), false)
 9 FCPATH\index.php(79): CodeIgniter\CodeIgniter->run()
CRITICAL - 2023-11-15 20:42:28 --> Undefined array key "body"
in APPPATH\Views\news\index.php on line 15.
 1 APPPATH\Views\news\index.php(15): CodeIgniter\Debug\Exceptions->errorHandler(2, 'Undefined array key "body"', 'C:\\xampp\\htdocs\\prospectos\\app\\Views\\news\\index.php', 15)
 2 SYSTEMPATH\View\View.php(228): include('C:\\xampp\\htdocs\\prospectos\\app\\Views\\news\\index.php')
 3 SYSTEMPATH\View\View.php(231): CodeIgniter\View\View->CodeIgniter\View\{closure}()
 4 SYSTEMPATH\Common.php(1190): CodeIgniter\View\View->render('news/index', [], true)
 5 APPPATH\Controllers\News.php(29): view('news/index')
 6 SYSTEMPATH\CodeIgniter.php(942): App\Controllers\News->index()
 7 SYSTEMPATH\CodeIgniter.php(502): CodeIgniter\CodeIgniter->runController(Object(App\Controllers\News))
 8 SYSTEMPATH\CodeIgniter.php(361): CodeIgniter\CodeIgniter->handleRequest(null, Object(Config\Cache), false)
 9 FCPATH\index.php(79): CodeIgniter\CodeIgniter->run()
CRITICAL - 2023-11-15 20:47:39 --> Undefined array key "title"
in APPPATH\Controllers\News.php on line 43.
 1 APPPATH\Controllers\News.php(43): CodeIgniter\Debug\Exceptions->errorHandler(2, 'Undefined array key "title"', 'C:\\xampp\\htdocs\\prospectos\\app\\Controllers\\News.php', 43)
 2 SYSTEMPATH\CodeIgniter.php(942): App\Controllers\News->show('administracion-del-patrimonio-de-la-beneficencia-publica')
 3 SYSTEMPATH\CodeIgniter.php(502): CodeIgniter\CodeIgniter->runController(Object(App\Controllers\News))
 4 SYSTEMPATH\CodeIgniter.php(361): CodeIgniter\CodeIgniter->handleRequest(null, Object(Config\Cache), false)
 5 FCPATH\index.php(79): CodeIgniter\CodeIgniter->run()
CRITICAL - 2023-11-15 20:49:05 --> Undefined array key "nombre"
in APPPATH\Controllers\News.php on line 43.
 1 APPPATH\Controllers\News.php(43): CodeIgniter\Debug\Exceptions->errorHandler(2, 'Undefined array key "nombre"', 'C:\\xampp\\htdocs\\prospectos\\app\\Controllers\\News.php', 43)
 2 SYSTEMPATH\CodeIgniter.php(942): App\Controllers\News->show('administracion-del-patrimonio-de-la-beneficencia-publica')
 3 SYSTEMPATH\CodeIgniter.php(502): CodeIgniter\CodeIgniter->runController(Object(App\Controllers\News))
 4 SYSTEMPATH\CodeIgniter.php(361): CodeIgniter\CodeIgniter->handleRequest(null, Object(Config\Cache), false)
 5 FCPATH\index.php(79): CodeIgniter\CodeIgniter->run()
CRITICAL - 2023-11-15 22:22:45 --> Undefined array key "nombre"
in APPPATH\Controllers\News.php on line 43.
 1 APPPATH\Controllers\News.php(43): CodeIgniter\Debug\Exceptions->errorHandler(2, 'Undefined array key "nombre"', 'C:\\xampp\\htdocs\\prospectos\\app\\Controllers\\News.php', 43)
 2 SYSTEMPATH\CodeIgniter.php(942): App\Controllers\News->show('administracion-federal-de-servicios-educativos-en-el-distrito-federal')
 3 SYSTEMPATH\CodeIgniter.php(502): CodeIgniter\CodeIgniter->runController(Object(App\Controllers\News))
 4 SYSTEMPATH\CodeIgniter.php(361): CodeIgniter\CodeIgniter->handleRequest(null, Object(Config\Cache), false)
 5 FCPATH\index.php(79): CodeIgniter\CodeIgniter->run()
CRITICAL - 2023-11-15 22:24:40 --> Undefined array key "siglas"
in APPPATH\Controllers\News.php on line 43.
 1 APPPATH\Controllers\News.php(43): CodeIgniter\Debug\Exceptions->errorHandler(2, 'Undefined array key "siglas"', 'C:\\xampp\\htdocs\\prospectos\\app\\Controllers\\News.php', 43)
 2 SYSTEMPATH\CodeIgniter.php(942): App\Controllers\News->show('administracion-federal-de-servicios-educativos-en-el-distrito-federal')
 3 SYSTEMPATH\CodeIgniter.php(502): CodeIgniter\CodeIgniter->runController(Object(App\Controllers\News))
 4 SYSTEMPATH\CodeIgniter.php(361): CodeIgniter\CodeIgniter->handleRequest(null, Object(Config\Cache), false)
 5 FCPATH\index.php(79): CodeIgniter\CodeIgniter->run()
CRITICAL - 2023-11-15 22:25:24 --> Undefined array key "nombre"
in APPPATH\Controllers\News.php on line 40.
 1 APPPATH\Controllers\News.php(40): CodeIgniter\Debug\Exceptions->errorHandler(2, 'Undefined array key "nombre"', 'C:\\xampp\\htdocs\\prospectos\\app\\Controllers\\News.php', 40)
 2 SYSTEMPATH\CodeIgniter.php(942): App\Controllers\News->show('administracion-federal-de-servicios-educativos-en-el-distrito-federal')
 3 SYSTEMPATH\CodeIgniter.php(502): CodeIgniter\CodeIgniter->runController(Object(App\Controllers\News))
 4 SYSTEMPATH\CodeIgniter.php(361): CodeIgniter\CodeIgniter->handleRequest(null, Object(Config\Cache), false)
 5 FCPATH\index.php(79): CodeIgniter\CodeIgniter->run()
CRITICAL - 2023-11-15 22:29:12 --> Cannot use [] for reading
in APPPATH\Controllers\News.php on line 40.
 1 SYSTEMPATH\CodeIgniter.php(942): App\Controllers\News->show('administracion-federal-de-servicios-educativos-en-el-distrito-federal')
 2 SYSTEMPATH\CodeIgniter.php(502): CodeIgniter\CodeIgniter->runController(Object(App\Controllers\News))
 3 SYSTEMPATH\CodeIgniter.php(361): CodeIgniter\CodeIgniter->handleRequest(null, Object(Config\Cache), false)
 4 FCPATH\index.php(79): CodeIgniter\CodeIgniter->run()
CRITICAL - 2023-11-15 22:32:05 --> Invalid file: "news/view.php"
in SYSTEMPATH\Exceptions\FrameworkException.php on line 39.
 1 SYSTEMPATH\View\View.php(216): CodeIgniter\Exceptions\FrameworkException::forInvalidFile('news/view.php')
 2 SYSTEMPATH\Common.php(1190): CodeIgniter\View\View->render('news/view', [], true)
 3 APPPATH\Controllers\News.php(46): view('news/view')
 4 SYSTEMPATH\CodeIgniter.php(942): App\Controllers\News->show('administracion-federal-de-servicios-educativos-en-el-distrito-federal')
 5 SYSTEMPATH\CodeIgniter.php(502): CodeIgniter\CodeIgniter->runController(Object(App\Controllers\News))
 6 SYSTEMPATH\CodeIgniter.php(361): CodeIgniter\CodeIgniter->handleRequest(null, Object(Config\Cache), false)
 7 FCPATH\index.php(79): CodeIgniter\CodeIgniter->run()
CRITICAL - 2023-11-15 22:34:03 --> Undefined array key "title"
in APPPATH\Views\news\view.php on line 1.
 1 APPPATH\Views\news\view.php(1): CodeIgniter\Debug\Exceptions->errorHandler(2, 'Undefined array key "title"', 'C:\\xampp\\htdocs\\prospectos\\app\\Views\\news\\view.php', 1)
 2 SYSTEMPATH\View\View.php(228): include('C:\\xampp\\htdocs\\prospectos\\app\\Views\\news\\view.php')
 3 SYSTEMPATH\View\View.php(231): CodeIgniter\View\View->CodeIgniter\View\{closure}()
 4 SYSTEMPATH\Common.php(1190): CodeIgniter\View\View->render('news/view', [], true)
 5 APPPATH\Controllers\News.php(46): view('news/view')
 6 SYSTEMPATH\CodeIgniter.php(942): App\Controllers\News->show('administracion-federal-de-servicios-educativos-en-el-distrito-federal')
 7 SYSTEMPATH\CodeIgniter.php(502): CodeIgniter\CodeIgniter->runController(Object(App\Controllers\News))
 8 SYSTEMPATH\CodeIgniter.php(361): CodeIgniter\CodeIgniter->handleRequest(null, Object(Config\Cache), false)
 9 FCPATH\index.php(79): CodeIgniter\CodeIgniter->run()
CRITICAL - 2023-11-15 22:34:30 --> Undefined array key "title"
in APPPATH\Views\news\view.php on line 1.
 1 APPPATH\Views\news\view.php(1): CodeIgniter\Debug\Exceptions->errorHandler(2, 'Undefined array key "title"', 'C:\\xampp\\htdocs\\prospectos\\app\\Views\\news\\view.php', 1)
 2 SYSTEMPATH\View\View.php(228): include('C:\\xampp\\htdocs\\prospectos\\app\\Views\\news\\view.php')
 3 SYSTEMPATH\View\View.php(231): CodeIgniter\View\View->CodeIgniter\View\{closure}()
 4 SYSTEMPATH\Common.php(1190): CodeIgniter\View\View->render('news/view', [], true)
 5 APPPATH\Controllers\News.php(46): view('news/view')
 6 SYSTEMPATH\CodeIgniter.php(942): App\Controllers\News->show('administracion-federal-de-servicios-educativos-en-el-distrito-federal')
 7 SYSTEMPATH\CodeIgniter.php(502): CodeIgniter\CodeIgniter->runController(Object(App\Controllers\News))
 8 SYSTEMPATH\CodeIgniter.php(361): CodeIgniter\CodeIgniter->handleRequest(null, Object(Config\Cache), false)
 9 FCPATH\index.php(79): CodeIgniter\CodeIgniter->run()
CRITICAL - 2023-11-15 23:12:13 --> Invalid file: "news/create.php"
in SYSTEMPATH\Exceptions\FrameworkException.php on line 39.
 1 SYSTEMPATH\View\View.php(216): CodeIgniter\Exceptions\FrameworkException::forInvalidFile('news/create.php')
 2 SYSTEMPATH\Common.php(1190): CodeIgniter\View\View->render('news/create', [], true)
 3 APPPATH\Controllers\News.php(56): view('news/create')
 4 SYSTEMPATH\CodeIgniter.php(942): App\Controllers\News->new()
 5 SYSTEMPATH\CodeIgniter.php(502): CodeIgniter\CodeIgniter->runController(Object(App\Controllers\News))
 6 SYSTEMPATH\CodeIgniter.php(361): CodeIgniter\CodeIgniter->handleRequest(null, Object(Config\Cache), false)
 7 FCPATH\index.php(79): CodeIgniter\CodeIgniter->run()
INFO - 2023-11-15 23:17:56 --> Session: Class initialized using 'CodeIgniter\Session\Handlers\FileHandler' driver.
INFO - 2023-11-15 23:20:18 --> Session: Class initialized using 'CodeIgniter\Session\Handlers\FileHandler' driver.
INFO - 2023-11-15 23:20:47 --> Session: Class initialized using 'CodeIgniter\Session\Handlers\FileHandler' driver.
INFO - 2023-11-15 23:33:53 --> Session: Class initialized using 'CodeIgniter\Session\Handlers\FileHandler' driver.
INFO - 2023-11-15 23:34:04 --> Session: Class initialized using 'CodeIgniter\Session\Handlers\FileHandler' driver.
INFO - 2023-11-15 23:34:09 --> Session: Class initialized using 'CodeIgniter\Session\Handlers\FileHandler' driver.
INFO - 2023-11-15 23:35:06 --> Session: Class initialized using 'CodeIgniter\Session\Handlers\FileHandler' driver.
INFO - 2023-11-15 23:35:09 --> CSRF token verified.
INFO - 2023-11-15 23:35:09 --> Session: Class initialized using 'CodeIgniter\Session\Handlers\FileHandler' driver.
INFO - 2023-11-15 23:35:17 --> CSRF token verified.
INFO - 2023-11-15 23:35:17 --> Session: Class initialized using 'CodeIgniter\Session\Handlers\FileHandler' driver.
INFO - 2023-11-15 23:35:22 --> CSRF token verified.
INFO - 2023-11-15 23:35:22 --> Session: Class initialized using 'CodeIgniter\Session\Handlers\FileHandler' driver.
CRITICAL - 2023-11-15 23:36:11 --> The action you requested is not allowed.
in SYSTEMPATH\Security\Security.php on line 300.
 1 SYSTEMPATH\Security\Security.php(300): CodeIgniter\Security\Exceptions\SecurityException::forDisallowedAction()
 2 SYSTEMPATH\Filters\CSRF.php(56): CodeIgniter\Security\Security->verify(Object(CodeIgniter\HTTP\IncomingRequest))
 3 SYSTEMPATH\Filters\Filters.php(184): CodeIgniter\Filters\CSRF->before(Object(CodeIgniter\HTTP\IncomingRequest), null)
 4 SYSTEMPATH\CodeIgniter.php(474): CodeIgniter\Filters\Filters->run('news', 'before')
 5 SYSTEMPATH\CodeIgniter.php(361): CodeIgniter\CodeIgniter->handleRequest(null, Object(Config\Cache), false)
 6 FCPATH\index.php(79): CodeIgniter\CodeIgniter->run()
INFO - 2023-11-15 23:36:31 --> Session: Class initialized using 'CodeIgniter\Session\Handlers\FileHandler' driver.
INFO - 2023-11-15 23:37:13 --> Session: Class initialized using 'CodeIgniter\Session\Handlers\FileHandler' driver.
INFO - 2023-11-15 23:37:17 --> CSRF token verified.
INFO - 2023-11-15 23:37:17 --> Session: Class initialized using 'CodeIgniter\Session\Handlers\FileHandler' driver.
CRITICAL - 2023-11-15 23:37:50 --> The action you requested is not allowed.
in SYSTEMPATH\Security\Security.php on line 300.
 1 SYSTEMPATH\Security\Security.php(300): CodeIgniter\Security\Exceptions\SecurityException::forDisallowedAction()
 2 SYSTEMPATH\Filters\CSRF.php(56): CodeIgniter\Security\Security->verify(Object(CodeIgniter\HTTP\IncomingRequest))
 3 SYSTEMPATH\Filters\Filters.php(184): CodeIgniter\Filters\CSRF->before(Object(CodeIgniter\HTTP\IncomingRequest), null)
 4 SYSTEMPATH\CodeIgniter.php(474): CodeIgniter\Filters\Filters->run('news', 'before')
 5 SYSTEMPATH\CodeIgniter.php(361): CodeIgniter\CodeIgniter->handleRequest(null, Object(Config\Cache), false)
 6 FCPATH\index.php(79): CodeIgniter\CodeIgniter->run()
CRITICAL - 2023-11-15 23:46:22 --> The action you requested is not allowed.
in SYSTEMPATH\Security\Security.php on line 300.
 1 SYSTEMPATH\Security\Security.php(300): CodeIgniter\Security\Exceptions\SecurityException::forDisallowedAction()
 2 SYSTEMPATH\Filters\CSRF.php(56): CodeIgniter\Security\Security->verify(Object(CodeIgniter\HTTP\IncomingRequest))
 3 SYSTEMPATH\Filters\Filters.php(184): CodeIgniter\Filters\CSRF->before(Object(CodeIgniter\HTTP\IncomingRequest), null)
 4 SYSTEMPATH\CodeIgniter.php(474): CodeIgniter\Filters\Filters->run('news', 'before')
 5 SYSTEMPATH\CodeIgniter.php(361): CodeIgniter\CodeIgniter->handleRequest(null, Object(Config\Cache), false)
 6 FCPATH\index.php(79): CodeIgniter\CodeIgniter->run()
INFO - 2023-11-15 23:53:23 --> Session: Class initialized using 'CodeIgniter\Session\Handlers\FileHandler' driver.
INFO - 2023-11-15 23:53:26 --> CSRF token verified.
INFO - 2023-11-15 23:53:26 --> Session: Class initialized using 'CodeIgniter\Session\Handlers\FileHandler' driver.
INFO - 2023-11-15 23:54:06 --> CSRF token verified.
CRITICAL - 2023-11-15 23:54:07 --> Allowed fields must be specified for model: "App\Models\NewsModel"
in SYSTEMPATH\Model.php on line 736.
 1 SYSTEMPATH\Model.php(736): CodeIgniter\Database\Exceptions\DataException::forInvalidAllowedFields('App\\Models\\NewsModel')
 2 SYSTEMPATH\BaseModel.php(763): CodeIgniter\Model->doProtectFieldsForInsert([...])
 3 SYSTEMPATH\Model.php(715): CodeIgniter\BaseModel->insert([...], false)
 4 SYSTEMPATH\BaseModel.php(698): CodeIgniter\Model->insert([...], false)
 5 APPPATH\Controllers\News.php(78): CodeIgniter\BaseModel->save([...])
 6 SYSTEMPATH\CodeIgniter.php(942): App\Controllers\News->create()
 7 SYSTEMPATH\CodeIgniter.php(502): CodeIgniter\CodeIgniter->runController(Object(App\Controllers\News))
 8 SYSTEMPATH\CodeIgniter.php(361): CodeIgniter\CodeIgniter->handleRequest(null, Object(Config\Cache), false)
 9 FCPATH\index.php(79): CodeIgniter\CodeIgniter->run()
INFO - 2023-11-15 23:55:52 --> CSRF token verified.
ERROR - 2023-11-15 23:55:52 --> mysqli_sql_exception: Unknown column 'title' in 'field list' in C:\xampp\htdocs\prospectos\system\Database\MySQLi\Connection.php:306
Stack trace:
#0 C:\xampp\htdocs\prospectos\system\Database\MySQLi\Connection.php(306): mysqli->query('INSERT INTO `de...', 0)
#1 C:\xampp\htdocs\prospectos\system\Database\BaseConnection.php(693): CodeIgniter\Database\MySQLi\Connection->execute('INSERT INTO `de...')
#2 C:\xampp\htdocs\prospectos\system\Database\BaseConnection.php(607): CodeIgniter\Database\BaseConnection->simpleQuery('INSERT INTO `de...')
#3 C:\xampp\htdocs\prospectos\system\Database\BaseBuilder.php(2308): CodeIgniter\Database\BaseConnection->query('INSERT INTO `de...', Array, false)
#4 C:\xampp\htdocs\prospectos\system\Model.php(319): CodeIgniter\Database\BaseBuilder->insert()
#5 C:\xampp\htdocs\prospectos\system\BaseModel.php(788): CodeIgniter\Model->doInsert(Array)
#6 C:\xampp\htdocs\prospectos\system\Model.php(715): CodeIgniter\BaseModel->insert(Array, false)
#7 C:\xampp\htdocs\prospectos\system\BaseModel.php(698): CodeIgniter\Model->insert(Array, false)
#8 C:\xampp\htdocs\prospectos\app\Controllers\News.php(78): CodeIgniter\BaseModel->save(Array)
#9 C:\xampp\htdocs\prospectos\system\CodeIgniter.php(942): App\Controllers\News->create()
#10 C:\xampp\htdocs\prospectos\system\CodeIgniter.php(502): CodeIgniter\CodeIgniter->runController(Object(App\Controllers\News))
#11 C:\xampp\htdocs\prospectos\system\CodeIgniter.php(361): CodeIgniter\CodeIgniter->handleRequest(NULL, Object(Config\Cache), false)
#12 C:\xampp\htdocs\prospectos\public\index.php(79): CodeIgniter\CodeIgniter->run()
#13 {main}
CRITICAL - 2023-11-15 23:55:52 --> Unknown column 'title' in 'field list'
in SYSTEMPATH\Database\BaseConnection.php on line 647.
 1 SYSTEMPATH\Database\BaseBuilder.php(2308): CodeIgniter\Database\BaseConnection->query('INSERT INTO `dependencia` (`title`, `slug`, `body`) VALUES (:title:, :slug:, :body:)', [...], false)
 2 SYSTEMPATH\Model.php(319): CodeIgniter\Database\BaseBuilder->insert()
 3 SYSTEMPATH\BaseModel.php(788): CodeIgniter\Model->doInsert([...])
 4 SYSTEMPATH\Model.php(715): CodeIgniter\BaseModel->insert([...], false)
 5 SYSTEMPATH\BaseModel.php(698): CodeIgniter\Model->insert([...], false)
 6 APPPATH\Controllers\News.php(78): CodeIgniter\BaseModel->save([...])
 7 SYSTEMPATH\CodeIgniter.php(942): App\Controllers\News->create()
 8 SYSTEMPATH\CodeIgniter.php(502): CodeIgniter\CodeIgniter->runController(Object(App\Controllers\News))
 9 SYSTEMPATH\CodeIgniter.php(361): CodeIgniter\CodeIgniter->handleRequest(null, Object(Config\Cache), false)
10 FCPATH\index.php(79): CodeIgniter\CodeIgniter->run()
